
================================================================================
Training Session - 2026-02-03 21:46:44
================================================================================
Configuration:
  - Epochs: 100
  - Early stopping patience: 5
  - Learning rate: 1e-4
  - Batch size: 4

Best Model (epoch 34):
  Validation Metrics:
    - Loss: 0.4194
    - Accuracy: 0.9845
    - Dice: 0.5544
    - IoU: 0.4763

  Test Metrics:
    - Loss: 0.4228
    - Accuracy: 0.9792
    - Dice: 0.2683
    - IoU: 0.1832

Models saved:
  - best.pth (global best) - UPDATED
  - best-current-session.pth (this session)
  - unet_epoch1.pth to unet_epoch39.pth
================================================================================

